<?xml version="1.0" encoding="UTF-8"?>
<!-- Generated by org.testng.reporters.JUnitXMLReporter -->
<testsuite hostname="CHINKU-PC" ignored="0" name="Command line test" tests="10" failures="0" timestamp="15 Mar 2019 01:45:26 GMT" time="128.847" errors="0">
  <testcase name="verifyHomePageTitleTest" time="5.035" classname="com.crm.qa.testcases.HomePageTest"/>
  <testcase name="loginPageTitleTest" time="0.02" classname="com.crm.qa.testcases.LoginPageTest"/>
  <testcase name="verifyTasksPageLabel" time="0.061" classname="com.crm.qa.testcases.TasksPageTest"/>
  <testcase name="verifyTsksLinkTest" time="1.164" classname="com.crm.qa.testcases.HomePageTest"/>
  <testcase name="actitimeImageTest" time="0.047" classname="com.crm.qa.testcases.LoginPageTest"/>
  <testcase name="selectTaskPage" time="0.165" classname="com.crm.qa.testcases.TasksPageTest"/>
  <testcase name="loginTest" time="5.276" classname="com.crm.qa.testcases.LoginPageTest"/>
  <testcase name="validateCreateNewCustomer" time="1.79" classname="com.crm.qa.testcases.TasksPageTest"/>
  <testcase name="validateCreateNewCustomer" time="1.055" classname="com.crm.qa.testcases.TasksPageTest"/>
  <testcase name="validateCreateNewCustomer" time="1.277" classname="com.crm.qa.testcases.TasksPageTest"/>
</testsuite> <!-- Command line test -->
