<?xml version="1.0" encoding="UTF-8"?>
<!-- Generated by org.testng.reporters.JUnitXMLReporter -->
<testsuite hostname="CHINKU-PC" ignored="0" name="ActiTime App Test caes" tests="10" failures="0" timestamp="13 Mar 2019 05:30:11 GMT" time="144.966" errors="0">
  <testcase name="verifyHomePageTitleTest" time="19.557" classname="com.crm.qa.testcases.HomePageTest"/>
  <testcase name="loginPageTitleTest" time="0.016" classname="com.crm.qa.testcases.LoginPageTest"/>
  <testcase name="verifyTasksPageLabel" time="0.054" classname="com.crm.qa.testcases.TasksPageTest"/>
  <testcase name="verifyTsksLinkTest" time="1.558" classname="com.crm.qa.testcases.HomePageTest"/>
  <testcase name="actitimeImageTest" time="0.048" classname="com.crm.qa.testcases.LoginPageTest"/>
  <testcase name="selectTaskPage" time="0.166" classname="com.crm.qa.testcases.TasksPageTest"/>
  <testcase name="loginTest" time="5.257" classname="com.crm.qa.testcases.LoginPageTest"/>
  <testcase name="validateCreateNewCustomer" time="3.382" classname="com.crm.qa.testcases.TasksPageTest"/>
  <testcase name="validateCreateNewCustomer" time="1.203" classname="com.crm.qa.testcases.TasksPageTest"/>
  <testcase name="validateCreateNewCustomer" time="1.254" classname="com.crm.qa.testcases.TasksPageTest"/>
</testsuite> <!-- ActiTime App Test caes -->
